[debug] [2018-07-02T11:34:20.071Z] ----------------------------------------------------------------------
[debug] [2018-07-02T11:34:20.113Z] Command:       /Users/morihiromichi/.nvm/versions/node/v6.11.5/bin/node /Users/morihiromichi/.nodebrew/current/bin/firebase functions:shell
[debug] [2018-07-02T11:34:20.114Z] CLI Version:   3.19.1
[debug] [2018-07-02T11:34:20.115Z] Platform:      darwin
[debug] [2018-07-02T11:34:20.115Z] Node Version:  v6.11.5
[debug] [2018-07-02T11:34:20.120Z] Time:          Mon Jul 02 2018 20:34:20 GMT+0900 (JST)
[debug] [2018-07-02T11:34:20.120Z] ----------------------------------------------------------------------
[debug] 
[debug] [2018-07-02T11:34:20.156Z] > command requires scopes: ["email","openid","https://www.googleapis.com/auth/cloudplatformprojects.readonly","https://www.googleapis.com/auth/firebase","https://www.googleapis.com/auth/cloud-platform"]
[debug] [2018-07-02T11:34:20.156Z] > authorizing via signed-in user
[debug] [2018-07-02T11:34:20.163Z] >>> HTTP REQUEST GET https://admin.firebase.com/v1/projects/system-5b20e  
  
 Mon Jul 02 2018 20:34:20 GMT+0900 (JST)
[debug] [2018-07-02T11:34:21.144Z] <<< HTTP RESPONSE 200
[debug] [2018-07-02T11:34:21.146Z] >>> HTTP REQUEST GET https://admin.firebase.com/v1/database/system-5b20e/tokens  
  
 Mon Jul 02 2018 20:34:21 GMT+0900 (JST)
[debug] [2018-07-02T11:34:21.760Z] <<< HTTP RESPONSE 200
[info] i  functions: Preparing to emulate functions.
[debug] [2018-07-02T11:34:24.047Z] Fetching environment
[debug] [2018-07-02T11:34:24.182Z] Error: EACCES: permission denied, open '/Users/morihiromichi/.config/gcloud/application_default_credentials.json'
    at Error (native)
    at Object.fs.openSync (fs.js:642:18)
    at Object.fs.writeFileSync (fs.js:1348:33)
    at module.exports (/Users/morihiromichi/.nodebrew/node/v6.0.0/lib/node_modules/firebase-tools/lib/ensureDefaultCredentials.js:42:6)
    at FunctionsEmulator.start (/Users/morihiromichi/.nodebrew/node/v6.0.0/lib/node_modules/firebase-tools/lib/functionsEmulator.js:118:3)
    at Command.module.exports [as _action] (/Users/morihiromichi/.nodebrew/node/v6.0.0/lib/node_modules/firebase-tools/lib/functionsShellCommandAction.js:18:6)
    at /Users/morihiromichi/.nodebrew/node/v6.0.0/lib/node_modules/firebase-tools/lib/command.js:200:29
    at process._tickDomainCallback (internal/process/next_tick.js:135:7)
[error] 
[error] Error: An unexpected error has occurred.
[debug] [2018-07-02T11:34:41.984Z] ----------------------------------------------------------------------
[debug] [2018-07-02T11:34:41.988Z] Command:       /Users/morihiromichi/.nvm/versions/node/v6.11.5/bin/node /Users/morihiromichi/.nodebrew/current/bin/firebase functions:shell
[debug] [2018-07-02T11:34:41.989Z] CLI Version:   3.19.1
[debug] [2018-07-02T11:34:41.990Z] Platform:      darwin
[debug] [2018-07-02T11:34:41.990Z] Node Version:  v6.11.5
[debug] [2018-07-02T11:34:41.992Z] Time:          Mon Jul 02 2018 20:34:41 GMT+0900 (JST)
[debug] [2018-07-02T11:34:41.992Z] ----------------------------------------------------------------------
[debug] 
[debug] [2018-07-02T11:34:42.019Z] > command requires scopes: ["email","openid","https://www.googleapis.com/auth/cloudplatformprojects.readonly","https://www.googleapis.com/auth/firebase","https://www.googleapis.com/auth/cloud-platform"]
[debug] [2018-07-02T11:34:42.020Z] > authorizing via signed-in user
[debug] [2018-07-02T11:34:42.024Z] >>> HTTP REQUEST GET https://admin.firebase.com/v1/projects/system-5b20e  
  
 Mon Jul 02 2018 20:34:42 GMT+0900 (JST)
[debug] [2018-07-02T11:34:43.053Z] <<< HTTP RESPONSE 200
[debug] [2018-07-02T11:34:43.054Z] >>> HTTP REQUEST GET https://admin.firebase.com/v1/database/system-5b20e/tokens  
  
 Mon Jul 02 2018 20:34:43 GMT+0900 (JST)
[debug] [2018-07-02T11:34:43.891Z] <<< HTTP RESPONSE 200
[info] i  functions: Preparing to emulate functions.
[debug] [2018-07-02T11:34:47.419Z] Fetching environment
[debug] [2018-07-02T11:34:47.573Z] Error: EACCES: permission denied, open '/Users/morihiromichi/.config/gcloud/application_default_credentials.json'
    at Error (native)
    at Object.fs.openSync (fs.js:642:18)
    at Object.fs.writeFileSync (fs.js:1348:33)
    at module.exports (/Users/morihiromichi/.nodebrew/node/v6.0.0/lib/node_modules/firebase-tools/lib/ensureDefaultCredentials.js:42:6)
    at FunctionsEmulator.start (/Users/morihiromichi/.nodebrew/node/v6.0.0/lib/node_modules/firebase-tools/lib/functionsEmulator.js:118:3)
    at Command.module.exports [as _action] (/Users/morihiromichi/.nodebrew/node/v6.0.0/lib/node_modules/firebase-tools/lib/functionsShellCommandAction.js:18:6)
    at /Users/morihiromichi/.nodebrew/node/v6.0.0/lib/node_modules/firebase-tools/lib/command.js:200:29
    at process._tickDomainCallback (internal/process/next_tick.js:135:7)
[error] 
[error] Error: An unexpected error has occurred.
